app/build/outputs/logs/manifest-merger-debug-report.txt
-- Merging decision tree log ---
manifest
ADDED from src\main\AndroidManifest.xml:2:1-32:12
	package
		ADDED from src\main\AndroidManifest.xml:3:5-48
		INJECTED from src\main\AndroidManifest.xml
		INJECTED from src\main\AndroidManifest.xml
	android:versionName
		ADDED from src\main\AndroidManifest.xml:5:5-30
		INJECTED from src\main\AndroidManifest.xml
		INJECTED from src\main\AndroidManifest.xml
	android:versionCode
		ADDED from src\main\AndroidManifest.xml:4:5-28
		INJECTED from src\main\AndroidManifest.xml
		INJECTED from src\main\AndroidManifest.xml
	xmlns:android
		ADDED from src\main\AndroidManifest.xml:2:11-69
uses-sdk
ADDED from src\main\AndroidManifest.xml:7:5-9:41
	android:targetSdkVersion
		ADDED from src\main\AndroidManifest.xml:9:9-38
		INJECTED from src\main\AndroidManifest.xml
		INJECTED from src\main\AndroidManifest.xml
	android:minSdkVersion
		ADDED from src\main\AndroidManifest.xml:8:9-35
		INJECTED from src\main\AndroidManifest.xml
		INJECTED from src\main\AndroidManifest.xml
uses-permission#android.permission.INTERNET
ADDED from src\main\AndroidManifest.xml:10:5-66
	android:name
		ADDED from src\main\AndroidManifest.xml:10:22-64
uses-permission#android.permission.ACCESS_NETWORK_STATE
ADDED from src\main\AndroidManifest.xml:11:5-78
	android:name
		ADDED from src\main\AndroidManifest.xml:11:22-76
uses-permission#android.permission.ACCESS_WIFI_STATE
ADDED from src\main\AndroidManifest.xml:12:5-75
	android:name
		ADDED from src\main\AndroidManifest.xml:12:22-73
uses-permission#android.permission.WRITE_EXTERNAL_STORAGE
ADDED from src\main\AndroidManifest.xml:13:5-80
	android:name
		ADDED from src\main\AndroidManifest.xml:13:22-78
uses-permission#android.permission.ACCESS_FINE_LOCATION
ADDED from src\main\AndroidManifest.xml:14:5-78
	android:name
		ADDED from src\main\AndroidManifest.xml:14:22-76
application
ADDED from src\main\AndroidManifest.xml:16:5-30:19
	android:label
		ADDED from src\main\AndroidManifest.xml:16:56-88
	android:debuggable
		ADDED from src\main\AndroidManifest.xml:17:66-92
	android:icon
		ADDED from src\main\AndroidManifest.xml:16:19-55
	android:theme
		ADDED from src\main\AndroidManifest.xml:17:12-65
activity#de.lorenz_fenster.sensorstreamgps.PreferencesActivity
ADDED from src\main\AndroidManifest.xml:19:6-100
	android:screenOrientation
		ADDED from src\main\AndroidManifest.xml:19:52-88
	android:name
		ADDED from src\main\AndroidManifest.xml:19:16-51
activity#de.lorenz_fenster.sensorstreamgps.ToggleSensorsActivity
ADDED from src\main\AndroidManifest.xml:20:9-105
	android:screenOrientation
		ADDED from src\main\AndroidManifest.xml:20:57-93
	android:name
		ADDED from src\main\AndroidManifest.xml:20:19-56
activity#de.lorenz_fenster.sensorstreamgps.SensorStreamActivity
ADDED from src\main\AndroidManifest.xml:21:9-28:20
	android:screenOrientation
		ADDED from src\main\AndroidManifest.xml:23:48-84
	android:label
		ADDED from src\main\AndroidManifest.xml:23:15-47
	android:name
		ADDED from src\main\AndroidManifest.xml:22:15-51
intent-filter#android.intent.action.MAIN+android.intent.category.LAUNCHER
ADDED from src\main\AndroidManifest.xml:24:14-27:30
action#android.intent.action.MAIN
ADDED from src\main\AndroidManifest.xml:25:18-77
	android:name
		ADDED from src\main\AndroidManifest.xml:25:26-67
category#android.intent.category.LAUNCHER
ADDED from src\main\AndroidManifest.xml:26:18-87
	android:name
		ADDED from src\main\AndroidManifest.xml:26:28-75